<?xml version="1.0" encoding="UTF-8"?>
<testng-results ignored="0" total="2" passed="2" failed="0" skipped="0">
  <reporter-output>
  </reporter-output>
  <suite started-at="2024-12-04T15:07:31 IST" name="Suite" finished-at="2024-12-04T15:09:07 IST" duration-ms="95880">
    <groups>
      <group name="cucumber">
        <method signature="AbstractTestNGCucumberTests.runScenario(io.cucumber.testng.PickleWrapper,io.cucumber.testng.FeatureWrapper)[pri:0, instance:testRunner.TestRunner@2d3379b4]" name="runScenario" class="io.cucumber.testng.AbstractTestNGCucumberTests"/>
      </group> <!-- cucumber -->
    </groups>
    <test started-at="2024-12-04T15:07:31 IST" name="Test" finished-at="2024-12-04T15:09:07 IST" duration-ms="95880">
      <class name="testRunner.TestRunner">
        <test-method is-config="true" signature="setUpClass(org.testng.ITestContext)[pri:0, instance:testRunner.TestRunner@2d3379b4]" started-at="2024-12-04T15:07:31 IST" name="setUpClass" finished-at="2024-12-04T15:07:32 IST" duration-ms="653" status="PASS">
          <params>
            <param index="0">
              <value>
                <![CDATA[org.testng.TestRunner@6b00587b]]>
              </value>
            </param>
          </params>
          <reporter-output>
          </reporter-output>
        </test-method> <!-- setUpClass -->
        <test-method signature="runScenario(io.cucumber.testng.PickleWrapper,io.cucumber.testng.FeatureWrapper)[pri:0, instance:testRunner.TestRunner@2d3379b4]" started-at="2024-12-04T15:07:32 IST" name="runScenario" description="Runs Cucumber Scenarios" data-provider="scenarios" finished-at="2024-12-04T15:07:50 IST" duration-ms="18245" status="PASS">
          <params>
            <param index="0">
              <value>
                <![CDATA["Validate input fields and complete user registration"]]>
              </value>
            </param>
            <param index="1">
              <value>
                <![CDATA["OWASP Juice Shop functional test"]]>
              </value>
            </param>
          </params>
          <reporter-output>
          </reporter-output>
        </test-method> <!-- runScenario -->
        <test-method signature="runScenario(io.cucumber.testng.PickleWrapper,io.cucumber.testng.FeatureWrapper)[pri:0, instance:testRunner.TestRunner@2d3379b4]" started-at="2024-12-04T15:07:50 IST" name="runScenario" description="Runs Cucumber Scenarios" data-provider="scenarios" finished-at="2024-12-04T15:09:07 IST" duration-ms="76887" status="PASS">
          <params>
            <param index="0">
              <value>
                <![CDATA["Add multiple products to basket and complete the checkout process"]]>
              </value>
            </param>
            <param index="1">
              <value>
                <![CDATA["OWASP Juice Shop functional test"]]>
              </value>
            </param>
          </params>
          <reporter-output>
          </reporter-output>
        </test-method> <!-- runScenario -->
        <test-method is-config="true" signature="tearDownClass()[pri:0, instance:testRunner.TestRunner@2d3379b4]" started-at="2024-12-04T15:09:07 IST" name="tearDownClass" finished-at="2024-12-04T15:09:07 IST" duration-ms="56" status="PASS">
          <reporter-output>
          </reporter-output>
        </test-method> <!-- tearDownClass -->
      </class> <!-- testRunner.TestRunner -->
    </test> <!-- Test -->
  </suite> <!-- Suite -->
</testng-results>
